<?xml version="1.0" encoding="UTF-8"?>
<testsuite name="com.assignment2.BlogPostTest" tests="3" skipped="0" failures="0" errors="0" timestamp="2025-02-18T06:23:58" hostname="MSI" time="0.023">
  <properties/>
  <testcase name="testValidBlogPostCreation()" classname="com.assignment2.BlogPostTest" time="0.017"/>
  <testcase name="testInvalidBlogPostCreationWithNullAuthorId()" classname="com.assignment2.BlogPostTest" time="0.003"/>
  <testcase name="testInvalidBlogPostCreationWithNullId()" classname="com.assignment2.BlogPostTest" time="0.001"/>
  <system-out><![CDATA[]]></system-out>
  <system-err><![CDATA[]]></system-err>
</testsuite>
